This is pdfTeX, Version 3.14159265-2.6-1.40.15 (TeX Live 2014) (preloaded format=pdflatex 2015.5.5)  5 OCT 2017 14:20
entering extended mode
 restricted \write18 enabled.
 %&-line parsing enabled.
**floatingFormula.tex
(./floatingFormula.tex
LaTeX2e <2014/05/01>
Babel <3.9k> and hyphenation patterns for 78 languages loaded.
(/usr/local/texlive/2014/texmf-dist/tex/latex/base/article.cls
Document Class: article 2007/10/19 v1.4h Standard LaTeX document class
(/usr/local/texlive/2014/texmf-dist/tex/latex/base/size10.clo
File: size10.clo 2007/10/19 v1.4h Standard LaTeX file (size option)
)
\c@part=\count79
\c@section=\count80
\c@subsection=\count81
\c@subsubsection=\count82
\c@paragraph=\count83
\c@subparagraph=\count84
\c@figure=\count85
\c@table=\count86
\abovecaptionskip=\skip41
\belowcaptionskip=\skip42
\bibindent=\dimen102
)
(/usr/local/texlive/2014/texmf-dist/tex/generic/babel/babel.sty
Package: babel 2014/03/24 3.9k The Babel package

(/usr/local/texlive/2014/texmf-dist/tex/generic/babel-german/ngerman.ldf
Language: ngerman 2013/12/13 v2.7 German support for babel (new orthography)

(/usr/local/texlive/2014/texmf-dist/tex/generic/babel-german/ngermanb.ldf
Language: ngermanb 2013/12/13 v2.7 German support for babel (new orthography)

(/usr/local/texlive/2014/texmf-dist/tex/generic/babel/babel.def
File: babel.def 2014/03/24 3.9k Babel common definitions
\babel@savecnt=\count87
\U@D=\dimen103
)
\l@naustrian = a dialect from \language\l@ngerman 
\l@nswissgerman = a dialect from \language\l@ngerman 
Package babel Info: Making " an active character on input line 88.
)))
(./floatingFormula.aux)
\openout1 = `floatingFormula.aux'.

LaTeX Font Info:    Checking defaults for OML/cmm/m/it on input line 12.
LaTeX Font Info:    ... okay on input line 12.
LaTeX Font Info:    Checking defaults for T1/cmr/m/n on input line 12.
LaTeX Font Info:    ... okay on input line 12.
LaTeX Font Info:    Checking defaults for OT1/cmr/m/n on input line 12.
LaTeX Font Info:    ... okay on input line 12.
LaTeX Font Info:    Checking defaults for OMS/cmsy/m/n on input line 12.
LaTeX Font Info:    ... okay on input line 12.
LaTeX Font Info:    Checking defaults for OMX/cmex/m/n on input line 12.
LaTeX Font Info:    ... okay on input line 12.
LaTeX Font Info:    Checking defaults for U/cmr/m/n on input line 12.
LaTeX Font Info:    ... okay on input line 12.
LaTeX Font Info:    External font `cmex10' loaded for size
(Font)              <7> on input line 14.
LaTeX Font Info:    External font `cmex10' loaded for size
(Font)              <5> on input line 14.

Overfull \hbox (28.02283pt too wide) in paragraph at lines 16--17
[]\OT1/cmr/m/n/10 Achtung! []kei-ne Leer-zei-chen\  wird im Mathematik-Modus zu
 []$\OML/cmm/m/it/10 keineLeerzeichen$\OT1/cmr/m/n/10 \. 
 []


Overfull \hbox (29.68945pt too wide) in paragraph at lines 18--21
[]\OT1/cmr/m/n/10 Achtung! []kei-ne Leer-zei-chen\  wird im Mathematik-Modus zu
 []$\OML/cmm/m/it/10 keine Leerzeichen$\OT1/cmr/m/n/10 \. 
 []


Overfull \hbox (23.02284pt too wide) in paragraph at lines 18--21
\OT1/cmr/m/n/10 Achtung! []kei-ne Leer-zei-chen\  wird im Mathematik-Modus zu [
]$\OML/cmm/m/it/10 keine Leerzeichen$\OT1/cmr/m/n/10 \. 
 []


Overfull \hbox (15.80054pt too wide) in paragraph at lines 18--21
\OT1/cmr/m/n/10 Achtung! []kei-ne Leer-zei-chen\  wird im Mathematik-Modus zu [
]$\OML/cmm/m/it/10 keine Leerzeichen$\OT1/cmr/m/n/10 \. 
 []


Underfull \hbox (badness 10000) in paragraph at lines 18--21

 []

[1

{/usr/local/texlive/2014/texmf-var/fonts/map/pdftex/updmap/pdftex.map}]
(./floatingFormula.aux) ) 
Here is how much of TeX's memory you used:
 665 strings out of 493117
 8311 string characters out of 6135434
 66598 words of memory out of 5000000
 4199 multiletter control sequences out of 15000+600000
 3640 words of font info for 14 fonts, out of 8000000 for 9000
 1141 hyphenation exceptions out of 8191
 25i,4n,23p,197b,119s stack positions out of 5000i,500n,10000p,200000b,80000s
</usr/local/texlive/2014/texmf-dist/fonts/type1/public
/amsfonts/cm/cmmi10.pfb></usr/local/texlive/2014/texmf-dist/fonts/type1/public/
amsfonts/cm/cmr10.pfb></usr/local/texlive/2014/texmf-dist/fonts/type1/public/am
sfonts/cm/cmsy10.pfb>
Output written on floatingFormula.pdf (1 page, 32938 bytes).
PDF statistics:
 20 PDF objects out of 1000 (max. 8388607)
 13 compressed objects within 1 object stream
 0 named destinations out of 1000 (max. 500000)
 1 words of extra memory for PDF output out of 10000 (max. 10000000)

